# JRE version: OpenJDK Runtime Environment (11.0.8+10) (build 11.0.8+10-b944.6842174)
# Java VM: OpenJDK 64-Bit Server VM (11.0.8+10-b944.6842174, mixed mode, tiered, compressed oops, g1 gc, windows-amd64)
Heap:
 garbage-first heap   total 547840K, used 541648K [0x00000000a0000000, 0x0000000100000000)
  region size 1024K, 2 young (2048K), 1 survivors (1024K)
 Metaspace       used 88754K, capacity 90864K, committed 91008K, reserved 1128448K
  class space    used 11026K, capacity 11647K, committed 11648K, reserved 1048576K
GC Heap History (20 events):
Event: 33.249 GC heap before
{Heap before GC invocations=15 (full 0):
 garbage-first heap   total 131072K, used 103822K [0x00000000a0000000, 0x0000000100000000)
  region size 1024K, 46 young (47104K), 3 survivors (3072K)
 Metaspace       used 69796K, capacity 71471K, committed 71680K, reserved 1112064K
  class space    used 8887K, capacity 9366K, committed 9472K, reserved 1048576K
}
Event: 33.263 GC heap after
{Heap after GC invocations=16 (full 0):
 garbage-first heap   total 131072K, used 62047K [0x00000000a0000000, 0x0000000100000000)
  region size 1024K, 5 young (5120K), 5 survivors (5120K)
 Metaspace       used 69796K, capacity 71471K, committed 71680K, reserved 1112064K
  class space    used 8887K, capacity 9366K, committed 9472K, reserved 1048576K
}
Event: 38.491 GC heap before
{Heap before GC invocations=16 (full 0):
 garbage-first heap   total 131072K, used 105055K [0x00000000a0000000, 0x0000000100000000)
  region size 1024K, 47 young (48128K), 5 survivors (5120K)
 Metaspace       used 73868K, capacity 75628K, committed 75776K, reserved 1116160K
  class space    used 9452K, capacity 9954K, committed 9984K, reserved 1048576K
}
Event: 38.504 GC heap after
{Heap after GC invocations=17 (full 0):
 garbage-first heap   total 131072K, used 64609K [0x00000000a0000000, 0x0000000100000000)
  region size 1024K, 5 young (5120K), 5 survivors (5120K)
 Metaspace       used 73868K, capacity 75628K, committed 75776K, reserved 1116160K
  class space    used 9452K, capacity 9954K, committed 9984K, reserved 1048576K
}
Event: 40.822 GC heap before
{Heap before GC invocations=17 (full 0):
 garbage-first heap   total 131072K, used 106593K [0x00000000a0000000, 0x0000000100000000)
  region size 1024K, 46 young (47104K), 5 survivors (5120K)
 Metaspace       used 78067K, capacity 79797K, committed 79872K, reserved 1118208K
  class space    used 9971K, capacity 10483K, committed 10496K, reserved 1048576K
}
Event: 40.850 GC heap after
{Heap after GC invocations=18 (full 0):
 garbage-first heap   total 131072K, used 68420K [0x00000000a0000000, 0x0000000100000000)
  region size 1024K, 6 young (6144K), 6 survivors (6144K)
 Metaspace       used 78067K, capacity 79797K, committed 79872K, reserved 1118208K
  class space    used 9971K, capacity 10483K, committed 10496K, reserved 1048576K
}
Event: 42.777 GC heap before
{Heap before GC invocations=19 (full 0):
 garbage-first heap   total 131072K, used 107332K [0x00000000a0000000, 0x0000000100000000)
  region size 1024K, 44 young (45056K), 6 survivors (6144K)
 Metaspace       used 80475K, capacity 82332K, committed 82432K, reserved 1120256K
  class space    used 10178K, capacity 10707K, committed 10752K, reserved 1048576K
}
Event: 42.793 GC heap after
{Heap after GC invocations=20 (full 0):
 garbage-first heap   total 131072K, used 71061K [0x00000000a0000000, 0x0000000100000000)
  region size 1024K, 3 young (3072K), 3 survivors (3072K)
 Metaspace       used 80475K, capacity 82332K, committed 82432K, reserved 1120256K
  class space    used 10178K, capacity 10707K, committed 10752K, reserved 1048576K
}
Event: 60.792 GC heap before
{Heap before GC invocations=20 (full 0):
 garbage-first heap   total 131072K, used 107925K [0x00000000a0000000, 0x0000000100000000)
  region size 1024K, 40 young (40960K), 3 survivors (3072K)
 Metaspace       used 84587K, capacity 86573K, committed 86656K, reserved 1124352K
  class space    used 10510K, capacity 11112K, committed 11136K, reserved 1048576K
}
Event: 60.802 GC heap after
{Heap after GC invocations=21 (full 0):
 garbage-first heap   total 131072K, used 73101K [0x00000000a0000000, 0x0000000100000000)
  region size 1024K, 5 young (5120K), 5 survivors (5120K)
 Metaspace       used 84587K, capacity 86573K, committed 86656K, reserved 1124352K
  class space    used 10510K, capacity 11112K, committed 11136K, reserved 1048576K
}
Event: 62.625 GC heap before
{Heap before GC invocations=22 (full 0):
 garbage-first heap   total 131072K, used 108941K [0x00000000a0000000, 0x0000000100000000)
  region size 1024K, 40 young (40960K), 5 survivors (5120K)
 Metaspace       used 86033K, capacity 88016K, committed 88192K, reserved 1126400K
  class space    used 10694K, capacity 11271K, committed 11392K, reserved 1048576K
}
Event: 62.640 GC heap after
{Heap after GC invocations=23 (full 0):
 garbage-first heap   total 131072K, used 75840K [0x00000000a0000000, 0x0000000100000000)
  region size 1024K, 5 young (5120K), 5 survivors (5120K)
 Metaspace       used 86033K, capacity 88016K, committed 88192K, reserved 1126400K
  class space    used 10694K, capacity 11271K, committed 11392K, reserved 1048576K
}
Event: 63.787 GC heap before
{Heap before GC invocations=23 (full 0):
 garbage-first heap   total 131072K, used 107584K [0x00000000a0000000, 0x0000000100000000)
  region size 1024K, 37 young (37888K), 5 survivors (5120K)
 Metaspace       used 87743K, capacity 89782K, committed 89856K, reserved 1128448K
  class space    used 10892K, capacity 11498K, committed 11520K, reserved 1048576K
}
Event: 63.800 GC heap after
{Heap after GC invocations=24 (full 0):
 garbage-first heap   total 131072K, used 78012K [0x00000000a0000000, 0x0000000100000000)
  region size 1024K, 2 young (2048K), 2 survivors (2048K)
 Metaspace       used 87743K, capacity 89782K, committed 89856K, reserved 1128448K
  class space    used 10892K, capacity 11498K, committed 11520K, reserved 1048576K
}
Event: 64.426 GC heap before
{Heap before GC invocations=25 (full 0):
 garbage-first heap   total 131072K, used 129212K [0x00000000a0000000, 0x0000000100000000)
  region size 1024K, 22 young (22528K), 2 survivors (2048K)
 Metaspace       used 88472K, capacity 90586K, committed 90752K, reserved 1128448K
  class space    used 10999K, capacity 11642K, committed 11648K, reserved 1048576K
}
Event: 64.435 GC heap after
{Heap after GC invocations=26 (full 0):
 garbage-first heap   total 134144K, used 84800K [0x00000000a0000000, 0x0000000100000000)
  region size 1024K, 3 young (3072K), 3 survivors (3072K)
 Metaspace       used 88472K, capacity 90586K, committed 90752K, reserved 1128448K
  class space    used 10999K, capacity 11642K, committed 11648K, reserved 1048576K
}
Event: 64.487 GC heap before
{Heap before GC invocations=26 (full 0):
 garbage-first heap   total 134144K, used 86848K [0x00000000a0000000, 0x0000000100000000)
  region size 1024K, 6 young (6144K), 3 survivors (3072K)
 Metaspace       used 88505K, capacity 90586K, committed 90752K, reserved 1128448K
  class space    used 10999K, capacity 11642K, committed 11648K, reserved 1048576K
}
Event: 64.494 GC heap after
{Heap after GC invocations=27 (full 0):
 garbage-first heap   total 134144K, used 84574K [0x00000000a0000000, 0x0000000100000000)
  region size 1024K, 1 young (1024K), 1 survivors (1024K)
 Metaspace       used 88505K, capacity 90586K, committed 90752K, reserved 1128448K
  class space    used 10999K, capacity 11642K, committed 11648K, reserved 1048576K
}
Event: 64.674 GC heap before
{Heap before GC invocations=27 (full 0):
 garbage-first heap   total 134144K, used 94814K [0x00000000a0000000, 0x0000000100000000)
  region size 1024K, 13 young (13312K), 1 survivors (1024K)
 Metaspace       used 88736K, capacity 90800K, committed 91008K, reserved 1128448K
  class space    used 11026K, capacity 11647K, committed 11648K, reserved 1048576K
}
Event: 64.680 GC heap after
{Heap after GC invocations=28 (full 0):
 garbage-first heap   total 134144K, used 84944K [0x00000000a0000000, 0x0000000100000000)
  region size 1024K, 1 young (1024K), 1 survivors (1024K)
 Metaspace       used 88736K, capacity 90800K, committed 91008K, reserved 1128448K
  class space    used 11026K, capacity 11647K, committed 11648K, reserved 1048576K
}

