# JRE version: OpenJDK Runtime Environment (11.0.8+10) (build 11.0.8+10-b944.6842174)
# Java VM: OpenJDK 64-Bit Server VM (11.0.8+10-b944.6842174, mixed mode, tiered, compressed oops, g1 gc, windows-amd64)
Heap:
 garbage-first heap   total 443392K, used 434214K [0x00000000a0000000, 0x0000000100000000)
  region size 1024K, 47 young (48128K), 2 survivors (2048K)
 Metaspace       used 96702K, capacity 98822K, committed 98944K, reserved 1136640K
  class space    used 11884K, capacity 12623K, committed 12672K, reserved 1048576K
GC Heap History (20 events):
Event: 69.837 GC heap before
{Heap before GC invocations=44 (full 0):
 garbage-first heap   total 157696K, used 116755K [0x00000000a0000000, 0x0000000100000000)
  region size 1024K, 21 young (21504K), 1 survivors (1024K)
 Metaspace       used 89834K, capacity 91696K, committed 91904K, reserved 1130496K
  class space    used 11127K, capacity 11763K, committed 11776K, reserved 1048576K
}
Event: 69.845 GC heap after
{Heap after GC invocations=45 (full 0):
 garbage-first heap   total 157696K, used 97480K [0x00000000a0000000, 0x0000000100000000)
  region size 1024K, 3 young (3072K), 3 survivors (3072K)
 Metaspace       used 89834K, capacity 91696K, committed 91904K, reserved 1130496K
  class space    used 11127K, capacity 11763K, committed 11776K, reserved 1048576K
}
Event: 71.258 GC heap before
{Heap before GC invocations=45 (full 0):
 garbage-first heap   total 157696K, used 117960K [0x00000000a0000000, 0x0000000100000000)
  region size 1024K, 24 young (24576K), 3 survivors (3072K)
 Metaspace       used 93214K, capacity 95171K, committed 95488K, reserved 1132544K
  class space    used 11503K, capacity 12172K, committed 12288K, reserved 1048576K
}
Event: 71.266 GC heap after
{Heap after GC invocations=46 (full 0):
 garbage-first heap   total 189440K, used 97972K [0x00000000a0000000, 0x0000000100000000)
  region size 1024K, 1 young (1024K), 1 survivors (1024K)
 Metaspace       used 93214K, capacity 95171K, committed 95488K, reserved 1132544K
  class space    used 11503K, capacity 12172K, committed 12288K, reserved 1048576K
}
Event: 71.689 GC heap before
{Heap before GC invocations=46 (full 0):
 garbage-first heap   total 189440K, used 132788K [0x00000000a0000000, 0x0000000100000000)
  region size 1024K, 36 young (36864K), 1 survivors (1024K)
 Metaspace       used 93596K, capacity 95500K, committed 95744K, reserved 1132544K
  class space    used 11514K, capacity 12172K, committed 12288K, reserved 1048576K
}
Event: 71.695 GC heap after
{Heap after GC invocations=47 (full 0):
 garbage-first heap   total 189440K, used 100104K [0x00000000a0000000, 0x0000000100000000)
  region size 1024K, 3 young (3072K), 3 survivors (3072K)
 Metaspace       used 93596K, capacity 95500K, committed 95744K, reserved 1132544K
  class space    used 11514K, capacity 12172K, committed 12288K, reserved 1048576K
}
Event: 72.043 GC heap before
{Heap before GC invocations=47 (full 0):
 garbage-first heap   total 189440K, used 135944K [0x00000000a0000000, 0x0000000100000000)
  region size 1024K, 39 young (39936K), 3 survivors (3072K)
 Metaspace       used 93644K, capacity 95566K, committed 95744K, reserved 1132544K
  class space    used 11514K, capacity 12172K, committed 12288K, reserved 1048576K
}
Event: 72.048 GC heap after
{Heap after GC invocations=48 (full 0):
 garbage-first heap   total 189440K, used 100148K [0x00000000a0000000, 0x0000000100000000)
  region size 1024K, 3 young (3072K), 3 survivors (3072K)
 Metaspace       used 93644K, capacity 95566K, committed 95744K, reserved 1132544K
  class space    used 11514K, capacity 12172K, committed 12288K, reserved 1048576K
}
Event: 72.500 GC heap before
{Heap before GC invocations=48 (full 0):
 garbage-first heap   total 189440K, used 144180K [0x00000000a0000000, 0x0000000100000000)
  region size 1024K, 41 young (41984K), 3 survivors (3072K)
 Metaspace       used 93703K, capacity 95631K, committed 96000K, reserved 1132544K
  class space    used 11514K, capacity 12172K, committed 12288K, reserved 1048576K
}
Event: 72.521 GC heap after
{Heap after GC invocations=49 (full 0):
 garbage-first heap   total 189440K, used 114274K [0x00000000a0000000, 0x0000000100000000)
  region size 1024K, 6 young (6144K), 6 survivors (6144K)
 Metaspace       used 93703K, capacity 95631K, committed 96000K, reserved 1132544K
  class space    used 11514K, capacity 12172K, committed 12288K, reserved 1048576K
}
Event: 73.145 GC heap before
{Heap before GC invocations=49 (full 0):
 garbage-first heap   total 189440K, used 144994K [0x00000000a0000000, 0x0000000100000000)
  region size 1024K, 37 young (37888K), 6 survivors (6144K)
 Metaspace       used 93724K, capacity 95633K, committed 96000K, reserved 1132544K
  class space    used 11514K, capacity 12172K, committed 12288K, reserved 1048576K
}
Event: 73.202 GC heap after
{Heap after GC invocations=50 (full 0):
 garbage-first heap   total 189440K, used 122525K [0x00000000a0000000, 0x0000000100000000)
  region size 1024K, 5 young (5120K), 5 survivors (5120K)
 Metaspace       used 93724K, capacity 95633K, committed 96000K, reserved 1132544K
  class space    used 11514K, capacity 12172K, committed 12288K, reserved 1048576K
}
Event: 74.596 GC heap before
{Heap before GC invocations=51 (full 0):
 garbage-first heap   total 189440K, used 139933K [0x00000000a0000000, 0x0000000100000000)
  region size 1024K, 30 young (30720K), 5 survivors (5120K)
 Metaspace       used 94623K, capacity 96646K, committed 96896K, reserved 1134592K
  class space    used 11617K, capacity 12294K, committed 12416K, reserved 1048576K
}
Event: 74.611 GC heap after
{Heap after GC invocations=52 (full 0):
 garbage-first heap   total 189440K, used 113599K [0x00000000a0000000, 0x0000000100000000)
  region size 1024K, 1 young (1024K), 1 survivors (1024K)
 Metaspace       used 94623K, capacity 96646K, committed 96896K, reserved 1134592K
  class space    used 11617K, capacity 12294K, committed 12416K, reserved 1048576K
}
Event: 74.895 GC heap before
{Heap before GC invocations=52 (full 0):
 garbage-first heap   total 189440K, used 120767K [0x00000000a0000000, 0x0000000100000000)
  region size 1024K, 9 young (9216K), 1 survivors (1024K)
 Metaspace       used 94739K, capacity 96750K, committed 96896K, reserved 1134592K
  class space    used 11630K, capacity 12329K, committed 12416K, reserved 1048576K
}
Event: 74.911 GC heap after
{Heap after GC invocations=53 (full 0):
 garbage-first heap   total 189440K, used 98269K [0x00000000a0000000, 0x0000000100000000)
  region size 1024K, 2 young (2048K), 2 survivors (2048K)
 Metaspace       used 94739K, capacity 96750K, committed 96896K, reserved 1134592K
  class space    used 11630K, capacity 12329K, committed 12416K, reserved 1048576K
}
Event: 76.930 GC heap before
{Heap before GC invocations=53 (full 0):
 garbage-first heap   total 189440K, used 134109K [0x00000000a0000000, 0x0000000100000000)
  region size 1024K, 38 young (38912K), 2 survivors (2048K)
 Metaspace       used 94972K, capacity 96973K, committed 97152K, reserved 1134592K
  class space    used 11659K, capacity 12353K, committed 12416K, reserved 1048576K
}
Event: 76.939 GC heap after
{Heap after GC invocations=54 (full 0):
 garbage-first heap   total 259072K, used 98972K [0x00000000a0000000, 0x0000000100000000)
  region size 1024K, 2 young (2048K), 2 survivors (2048K)
 Metaspace       used 94972K, capacity 96973K, committed 97152K, reserved 1134592K
  class space    used 11659K, capacity 12353K, committed 12416K, reserved 1048576K
}
Event: 77.179 GC heap before
{Heap before GC invocations=54 (full 0):
 garbage-first heap   total 259072K, used 155292K [0x00000000a0000000, 0x0000000100000000)
  region size 1024K, 14 young (14336K), 2 survivors (2048K)
 Metaspace       used 95177K, capacity 97232K, committed 97408K, reserved 1134592K
  class space    used 11687K, capacity 12396K, committed 12416K, reserved 1048576K
}
Event: 77.183 GC heap after
{Heap after GC invocations=55 (full 0):
 garbage-first heap   total 259072K, used 98342K [0x00000000a0000000, 0x0000000100000000)
  region size 1024K, 2 young (2048K), 2 survivors (2048K)
 Metaspace       used 95177K, capacity 97232K, committed 97408K, reserved 1134592K
  class space    used 11687K, capacity 12396K, committed 12416K, reserved 1048576K
}

