# JRE version: OpenJDK Runtime Environment (11.0.8+10) (build 11.0.8+10-b944.6842174)
# Java VM: OpenJDK 64-Bit Server VM (11.0.8+10-b944.6842174, mixed mode, tiered, compressed oops, g1 gc, windows-amd64)
Heap:
 garbage-first heap   total 531456K, used 117892K [0x00000000a0000000, 0x0000000100000000)
  region size 1024K, 35 young (35840K), 18 survivors (18432K)
 Metaspace       used 101568K, capacity 104018K, committed 104192K, reserved 1140736K
  class space    used 12381K, capacity 13193K, committed 13312K, reserved 1048576K
GC Heap History (20 events):
Event: 142.727 GC heap before
{Heap before GC invocations=37 (full 0):
 garbage-first heap   total 131072K, used 106205K [0x00000000a0000000, 0x0000000100000000)
  region size 1024K, 15 young (15360K), 1 survivors (1024K)
 Metaspace       used 89573K, capacity 91488K, committed 91648K, reserved 1128448K
  class space    used 11316K, capacity 11997K, committed 12032K, reserved 1048576K
}
Event: 142.730 GC heap after
{Heap after GC invocations=38 (full 0):
 garbage-first heap   total 131072K, used 92299K [0x00000000a0000000, 0x0000000100000000)
  region size 1024K, 1 young (1024K), 1 survivors (1024K)
 Metaspace       used 89573K, capacity 91488K, committed 91648K, reserved 1128448K
  class space    used 11316K, capacity 11997K, committed 12032K, reserved 1048576K
}
Event: 143.500 GC heap before
{Heap before GC invocations=39 (full 0):
 garbage-first heap   total 131072K, used 102539K [0x00000000a0000000, 0x0000000100000000)
  region size 1024K, 16 young (16384K), 1 survivors (1024K)
 Metaspace       used 90376K, capacity 92395K, committed 92544K, reserved 1130496K
  class space    used 11412K, capacity 12107K, committed 12160K, reserved 1048576K
}
Event: 143.508 GC heap after
{Heap after GC invocations=40 (full 0):
 garbage-first heap   total 131072K, used 89066K [0x00000000a0000000, 0x0000000100000000)
  region size 1024K, 2 young (2048K), 2 survivors (2048K)
 Metaspace       used 90376K, capacity 92395K, committed 92544K, reserved 1130496K
  class space    used 11412K, capacity 12107K, committed 12160K, reserved 1048576K
}
Event: 143.521 GC heap before
{Heap before GC invocations=40 (full 0):
 garbage-first heap   total 131072K, used 92138K [0x00000000a0000000, 0x0000000100000000)
  region size 1024K, 6 young (6144K), 2 survivors (2048K)
 Metaspace       used 90390K, capacity 92395K, committed 92544K, reserved 1130496K
  class space    used 11412K, capacity 12107K, committed 12160K, reserved 1048576K
}
Event: 143.528 GC heap after
{Heap after GC invocations=41 (full 0):
 garbage-first heap   total 131072K, used 76565K [0x00000000a0000000, 0x0000000100000000)
  region size 1024K, 1 young (1024K), 1 survivors (1024K)
 Metaspace       used 90390K, capacity 92395K, committed 92544K, reserved 1130496K
  class space    used 11412K, capacity 12107K, committed 12160K, reserved 1048576K
}
Event: 143.539 GC heap before
{Heap before GC invocations=41 (full 0):
 garbage-first heap   total 131072K, used 80661K [0x00000000a0000000, 0x0000000100000000)
  region size 1024K, 6 young (6144K), 1 survivors (1024K)
 Metaspace       used 90397K, capacity 92395K, committed 92544K, reserved 1130496K
  class space    used 11412K, capacity 12107K, committed 12160K, reserved 1048576K
}
Event: 143.545 GC heap after
{Heap after GC invocations=42 (full 0):
 garbage-first heap   total 131072K, used 74222K [0x00000000a0000000, 0x0000000100000000)
  region size 1024K, 1 young (1024K), 1 survivors (1024K)
 Metaspace       used 90397K, capacity 92395K, committed 92544K, reserved 1130496K
  class space    used 11412K, capacity 12107K, committed 12160K, reserved 1048576K
}
Event: 143.594 GC heap before
{Heap before GC invocations=42 (full 0):
 garbage-first heap   total 131072K, used 75246K [0x00000000a0000000, 0x0000000100000000)
  region size 1024K, 4 young (4096K), 1 survivors (1024K)
 Metaspace       used 90512K, capacity 92495K, committed 92544K, reserved 1130496K
  class space    used 11431K, capacity 12120K, committed 12160K, reserved 1048576K
}
Event: 143.596 GC heap after
{Heap after GC invocations=43 (full 0):
 garbage-first heap   total 131072K, used 74723K [0x00000000a0000000, 0x0000000100000000)
  region size 1024K, 1 young (1024K), 1 survivors (1024K)
 Metaspace       used 90512K, capacity 92495K, committed 92544K, reserved 1130496K
  class space    used 11431K, capacity 12120K, committed 12160K, reserved 1048576K
}
Event: 144.159 GC heap before
{Heap before GC invocations=44 (full 0):
 garbage-first heap   total 530432K, used 528355K [0x00000000a0000000, 0x0000000100000000)
  region size 1024K, 22 young (22528K), 1 survivors (1024K)
 Metaspace       used 91010K, capacity 93082K, committed 93184K, reserved 1130496K
  class space    used 11491K, capacity 12186K, committed 12288K, reserved 1048576K
}
Event: 144.163 GC heap after
{Heap after GC invocations=45 (full 0):
 garbage-first heap   total 531456K, used 74826K [0x00000000a0000000, 0x0000000100000000)
  region size 1024K, 1 young (1024K), 1 survivors (1024K)
 Metaspace       used 91010K, capacity 93082K, committed 93184K, reserved 1130496K
  class space    used 11491K, capacity 12186K, committed 12288K, reserved 1048576K
}
Event: 145.791 GC heap before
{Heap before GC invocations=45 (full 0):
 garbage-first heap   total 531456K, used 98378K [0x00000000a0000000, 0x0000000100000000)
  region size 1024K, 25 young (25600K), 1 survivors (1024K)
 Metaspace       used 92571K, capacity 94663K, committed 94720K, reserved 1132544K
  class space    used 11761K, capacity 12509K, committed 12544K, reserved 1048576K
}
Event: 145.795 GC heap after
{Heap after GC invocations=46 (full 0):
 garbage-first heap   total 531456K, used 75968K [0x00000000a0000000, 0x0000000100000000)
  region size 1024K, 2 young (2048K), 2 survivors (2048K)
 Metaspace       used 92571K, capacity 94663K, committed 94720K, reserved 1132544K
  class space    used 11761K, capacity 12509K, committed 12544K, reserved 1048576K
}
Event: 831.112 GC heap before
{Heap before GC invocations=46 (full 0):
 garbage-first heap   total 531456K, used 302272K [0x00000000a0000000, 0x0000000100000000)
  region size 1024K, 223 young (228352K), 2 survivors (2048K)
 Metaspace       used 97988K, capacity 100321K, committed 100480K, reserved 1136640K
  class space    used 12064K, capacity 12861K, committed 12928K, reserved 1048576K
}
Event: 831.128 GC heap after
{Heap after GC invocations=47 (full 0):
 garbage-first heap   total 531456K, used 78330K [0x00000000a0000000, 0x0000000100000000)
  region size 1024K, 5 young (5120K), 5 survivors (5120K)
 Metaspace       used 97988K, capacity 100321K, committed 100480K, reserved 1136640K
  class space    used 12064K, capacity 12861K, committed 12928K, reserved 1048576K
}
Event: 834.323 GC heap before
{Heap before GC invocations=48 (full 0):
 garbage-first heap   total 531456K, used 143866K [0x00000000a0000000, 0x0000000100000000)
  region size 1024K, 71 young (72704K), 5 survivors (5120K)
 Metaspace       used 99145K, capacity 101526K, committed 101888K, reserved 1138688K
  class space    used 12136K, capacity 12939K, committed 13056K, reserved 1048576K
}
Event: 834.375 GC heap after
{Heap after GC invocations=49 (full 0):
 garbage-first heap   total 531456K, used 87802K [0x00000000a0000000, 0x0000000100000000)
  region size 1024K, 14 young (14336K), 14 survivors (14336K)
 Metaspace       used 99145K, capacity 101526K, committed 101888K, reserved 1138688K
  class space    used 12136K, capacity 12939K, committed 13056K, reserved 1048576K
}
Event: 837.060 GC heap before
{Heap before GC invocations=50 (full 0):
 garbage-first heap   total 531456K, used 114426K [0x00000000a0000000, 0x0000000100000000)
  region size 1024K, 41 young (41984K), 14 survivors (14336K)
 Metaspace       used 101375K, capacity 103770K, committed 103808K, reserved 1140736K
  class space    used 12357K, capacity 13173K, committed 13184K, reserved 1048576K
}
Event: 837.125 GC heap after
{Heap after GC invocations=51 (full 0):
 garbage-first heap   total 531456K, used 93316K [0x00000000a0000000, 0x0000000100000000)
  region size 1024K, 18 young (18432K), 18 survivors (18432K)
 Metaspace       used 101375K, capacity 103770K, committed 103808K, reserved 1140736K
  class space    used 12357K, capacity 13173K, committed 13184K, reserved 1048576K
}

